<?xml version="1.0" encoding="UTF-8"?>
<testng-results ignored="0" total="1" passed="1" failed="0" skipped="0">
  <reporter-output>
    <line>
      <![CDATA[Welcome]]>
    </line>
  </reporter-output>
  <suite started-at="2024-03-26T00:01:23 IST" name="Default suite" finished-at="2024-03-26T00:01:23 IST" duration-ms="32">
    <groups>
    </groups>
    <test started-at="2024-03-26T00:01:23 IST" name="Default test" finished-at="2024-03-26T00:01:23 IST" duration-ms="32">
      <class name="com.actiTime.testscript.DemoTestNG">
        <test-method signature="test()[pri:0, instance:com.actiTime.testscript.DemoTestNG@662b4c69]" started-at="2024-03-26T00:01:23 IST" name="test" finished-at="2024-03-26T00:01:23 IST" duration-ms="7" status="PASS">
          <reporter-output>
            <line>
              <![CDATA[Welcome]]>
            </line>
          </reporter-output>
        </test-method> <!-- test -->
      </class> <!-- com.actiTime.testscript.DemoTestNG -->
    </test> <!-- Default test -->
  </suite> <!-- Default suite -->
</testng-results>
